<?xml version="1.0" encoding="UTF-8"?>
<!-- Generated by org.testng.reporters.JUnitReportReporter -->
<testsuite skipped="0" hostname="Arina-PC" name="Generic.Generic.Login" tests="1" failures="0" timestamp="15 Sep 2018 07:05:51 GMT" time="7.691" errors="0">
  <testcase name="loginTest" time="7.691" classname="Generic.Generic.Login"/>
</testsuite> <!-- Generic.Generic.Login -->
